<?xml version="1.0" encoding="UTF-8"?>
<robot generator="Robot 6.1.1 (Python 3.10.12 on linux)" generated="20231209 11:16:52.550" rpa="false" schemaversion="4">
<suite id="s1" name="Group 2 Tests" source="/home/magichobo/development/python/odoo/tests/cpsc462_group2/group_2_tests.robot">
<test id="s1-t1" name="Login User with Password" line="16">
<kw name="Connect to Server" library="keywords">
<kw name="Open Connection" library="Odoo_Keyword_Driven_Tests">
<msg timestamp="20231209 11:16:53.830" level="INFO">Using WebDriver to open Connection.</msg>
<status status="PASS" starttime="20231209 11:16:52.578" endtime="20231209 11:16:53.830"/>
</kw>
<kw name="Sleep" library="BuiltIn">
<arg>.5</arg>
<doc>Pauses the test executed for the given time.</doc>
<msg timestamp="20231209 11:16:54.330" level="INFO">Slept 500 milliseconds</msg>
<status status="PASS" starttime="20231209 11:16:53.830" endtime="20231209 11:16:54.330"/>
</kw>
<kw name="Goto Odoo" library="Odoo_Keyword_Driven_Tests">
<status status="PASS" starttime="20231209 11:16:54.330" endtime="20231209 11:16:54.410"/>
</kw>
<status status="PASS" starttime="20231209 11:16:52.578" endtime="20231209 11:16:54.410"/>
</kw>
<kw name="Fill in Username and Password" library="keywords">
<arg>${Username}</arg>
<arg>${Password}</arg>
<kw name="Text To Field" library="Odoo_Keyword_Driven_Tests">
<arg>login</arg>
<arg>${Username}</arg>
<status status="PASS" starttime="20231209 11:16:54.410" endtime="20231209 11:16:54.434"/>
</kw>
<kw name="Text To Field" library="Odoo_Keyword_Driven_Tests">
<arg>password</arg>
<arg>${Password}</arg>
<status status="PASS" starttime="20231209 11:16:54.434" endtime="20231209 11:16:54.441"/>
</kw>
<kw name="Click Button" library="Odoo_Keyword_Driven_Tests">
<arg>/html/body/div[1]/main/div/div/div/form/div[3]/button</arg>
<status status="PASS" starttime="20231209 11:16:54.441" endtime="20231209 11:16:55.015"/>
</kw>
<status status="PASS" starttime="20231209 11:16:54.410" endtime="20231209 11:16:55.015"/>
</kw>
<kw name="Sleep" library="BuiltIn">
<arg>1.5</arg>
<doc>Pauses the test executed for the given time.</doc>
<msg timestamp="20231209 11:16:56.516" level="INFO">Slept 1 second 500 milliseconds</msg>
<status status="PASS" starttime="20231209 11:16:55.016" endtime="20231209 11:16:56.516"/>
</kw>
<kw name="Disconnect Server" library="keywords">
<kw name="Cleanup Shutdown" library="Odoo_Keyword_Driven_Tests">
<msg timestamp="20231209 11:16:57.190" level="INFO">Cleaning Up Odoo..
Shutting Down webDriver.</msg>
<status status="PASS" starttime="20231209 11:16:56.516" endtime="20231209 11:16:57.190"/>
</kw>
<status status="PASS" starttime="20231209 11:16:56.516" endtime="20231209 11:16:57.190"/>
</kw>
<tag>Positive</tag>
<status status="PASS" starttime="20231209 11:16:52.578" endtime="20231209 11:16:57.190"/>
</test>
<test id="s1-t2" name="Create New Patient" line="23">
<kw name="Connect to Server" library="keywords">
<kw name="Open Connection" library="Odoo_Keyword_Driven_Tests">
<msg timestamp="20231209 11:16:58.919" level="INFO">Using WebDriver to open Connection.</msg>
<status status="PASS" starttime="20231209 11:16:57.191" endtime="20231209 11:16:58.919"/>
</kw>
<kw name="Sleep" library="BuiltIn">
<arg>.5</arg>
<doc>Pauses the test executed for the given time.</doc>
<msg timestamp="20231209 11:16:59.419" level="INFO">Slept 500 milliseconds</msg>
<status status="PASS" starttime="20231209 11:16:58.919" endtime="20231209 11:16:59.420"/>
</kw>
<kw name="Goto Odoo" library="Odoo_Keyword_Driven_Tests">
<status status="PASS" starttime="20231209 11:16:59.420" endtime="20231209 11:16:59.501"/>
</kw>
<status status="PASS" starttime="20231209 11:16:57.190" endtime="20231209 11:16:59.501"/>
</kw>
<kw name="Fill in Username and Password" library="keywords">
<arg>${Username}</arg>
<arg>${Password}</arg>
<kw name="Text To Field" library="Odoo_Keyword_Driven_Tests">
<arg>login</arg>
<arg>${Username}</arg>
<status status="PASS" starttime="20231209 11:16:59.501" endtime="20231209 11:16:59.529"/>
</kw>
<kw name="Text To Field" library="Odoo_Keyword_Driven_Tests">
<arg>password</arg>
<arg>${Password}</arg>
<status status="PASS" starttime="20231209 11:16:59.529" endtime="20231209 11:16:59.534"/>
</kw>
<kw name="Click Button" library="Odoo_Keyword_Driven_Tests">
<arg>/html/body/div[1]/main/div/div/div/form/div[3]/button</arg>
<status status="PASS" starttime="20231209 11:16:59.534" endtime="20231209 11:17:00.135"/>
</kw>
<status status="PASS" starttime="20231209 11:16:59.501" endtime="20231209 11:17:00.135"/>
</kw>
<kw name="Sleep" library="BuiltIn">
<arg>1.5</arg>
<doc>Pauses the test executed for the given time.</doc>
<msg timestamp="20231209 11:17:01.636" level="INFO">Slept 1 second 500 milliseconds</msg>
<status status="PASS" starttime="20231209 11:17:00.136" endtime="20231209 11:17:01.636"/>
</kw>
<kw name="Click New Patient Button" library="keywords">
<kw name="Sleep" library="BuiltIn">
<arg>1.5</arg>
<doc>Pauses the test executed for the given time.</doc>
<msg timestamp="20231209 11:17:03.137" level="INFO">Slept 1 second 500 milliseconds</msg>
<status status="PASS" starttime="20231209 11:17:01.637" endtime="20231209 11:17:03.137"/>
</kw>
<kw name="Click Button" library="Odoo_Keyword_Driven_Tests">
<arg>/html/body/div[1]/div/div[1]/div[2]/div[1]/div/div/button</arg>
<status status="PASS" starttime="20231209 11:17:03.137" endtime="20231209 11:17:03.355"/>
</kw>
<status status="PASS" starttime="20231209 11:17:01.636" endtime="20231209 11:17:03.355"/>
</kw>
<kw name="Fill in Patient Info" library="keywords">
<kw name="Sleep" library="BuiltIn">
<arg>2</arg>
<doc>Pauses the test executed for the given time.</doc>
<msg timestamp="20231209 11:17:05.356" level="INFO">Slept 2 seconds</msg>
<status status="PASS" starttime="20231209 11:17:03.356" endtime="20231209 11:17:05.356"/>
</kw>
<kw name="Fill in Name" library="keywords">
<kw name="Text To Id" library="Odoo_Keyword_Driven_Tests">
<arg>first_name</arg>
<arg>${first_name}</arg>
<status status="PASS" starttime="20231209 11:17:05.356" endtime="20231209 11:17:05.369"/>
</kw>
<kw name="Text To Id" library="Odoo_Keyword_Driven_Tests">
<arg>middle_name</arg>
<arg>${middle_name}</arg>
<status status="PASS" starttime="20231209 11:17:05.369" endtime="20231209 11:17:05.382"/>
</kw>
<kw name="Text To Id" library="Odoo_Keyword_Driven_Tests">
<arg>last_name</arg>
<arg>${last_name}</arg>
<status status="PASS" starttime="20231209 11:17:05.382" endtime="20231209 11:17:05.400"/>
</kw>
<status status="PASS" starttime="20231209 11:17:05.356" endtime="20231209 11:17:05.400"/>
</kw>
<kw name="Fill in Basic Info" library="keywords">
<kw name="Select Dropdown" library="Odoo_Keyword_Driven_Tests">
<arg>gender</arg>
<arg>${gender}</arg>
<status status="PASS" starttime="20231209 11:17:05.400" endtime="20231209 11:17:05.630"/>
</kw>
<kw name="Text To Id" library="Odoo_Keyword_Driven_Tests">
<arg>phone</arg>
<arg>${phone_number}</arg>
<status status="PASS" starttime="20231209 11:17:05.630" endtime="20231209 11:17:05.643"/>
</kw>
<kw name="Text To Id" library="Odoo_Keyword_Driven_Tests">
<arg>date_of_birth</arg>
<arg>${birthday}</arg>
<status status="PASS" starttime="20231209 11:17:05.643" endtime="20231209 11:17:05.661"/>
</kw>
<kw name="Text To Id" library="Odoo_Keyword_Driven_Tests">
<arg>email</arg>
<arg>${email}</arg>
<status status="PASS" starttime="20231209 11:17:05.661" endtime="20231209 11:17:05.676"/>
</kw>
<status status="PASS" starttime="20231209 11:17:05.400" endtime="20231209 11:17:05.676"/>
</kw>
<kw name="Fill in Address Info" library="keywords">
<kw name="Text To Id" library="Odoo_Keyword_Driven_Tests">
<arg>address</arg>
<arg>${address}</arg>
<status status="PASS" starttime="20231209 11:17:05.677" endtime="20231209 11:17:05.701"/>
</kw>
<kw name="Text To Id" library="Odoo_Keyword_Driven_Tests">
<arg>city</arg>
<arg>${city}</arg>
<status status="PASS" starttime="20231209 11:17:05.701" endtime="20231209 11:17:05.720"/>
</kw>
<kw name="Text To Id" library="Odoo_Keyword_Driven_Tests">
<arg>pin_code</arg>
<arg>${pin_code}</arg>
<status status="PASS" starttime="20231209 11:17:05.720" endtime="20231209 11:17:05.730"/>
</kw>
<status status="PASS" starttime="20231209 11:17:05.676" endtime="20231209 11:17:05.730"/>
</kw>
<kw name="Fill in Other Info" library="keywords">
<kw name="Select Dropdown" library="Odoo_Keyword_Driven_Tests">
<arg>marital_status</arg>
<arg>${marital_status}</arg>
<status status="PASS" starttime="20231209 11:17:05.730" endtime="20231209 11:17:05.946"/>
</kw>
<kw name="Text To Id" library="Odoo_Keyword_Driven_Tests">
<arg>partner_name</arg>
<arg>${partner_name}</arg>
<status status="PASS" starttime="20231209 11:17:05.946" endtime="20231209 11:17:05.962"/>
</kw>
<status status="PASS" starttime="20231209 11:17:05.730" endtime="20231209 11:17:05.962"/>
</kw>
<kw name="Sleep" library="BuiltIn">
<arg>1</arg>
<doc>Pauses the test executed for the given time.</doc>
<msg timestamp="20231209 11:17:06.963" level="INFO">Slept 1 second</msg>
<status status="PASS" starttime="20231209 11:17:05.962" endtime="20231209 11:17:06.963"/>
</kw>
<kw name="Back" library="Odoo_Keyword_Driven_Tests">
<status status="PASS" starttime="20231209 11:17:06.963" endtime="20231209 11:17:06.969"/>
</kw>
<status status="PASS" starttime="20231209 11:17:03.355" endtime="20231209 11:17:06.969"/>
</kw>
<kw name="Verify Patient Info" library="keywords">
<kw name="Sleep" library="BuiltIn">
<arg>1</arg>
<doc>Pauses the test executed for the given time.</doc>
<msg timestamp="20231209 11:17:07.970" level="INFO">Slept 1 second</msg>
<status status="PASS" starttime="20231209 11:17:06.970" endtime="20231209 11:17:07.970"/>
</kw>
<kw name="Get Field" library="Odoo_Keyword_Driven_Tests">
<var>${name_return}</var>
<arg>name</arg>
<arg>${cat_name}</arg>
<msg timestamp="20231209 11:17:07.981" level="INFO">${name_return} = Jenny Krueger</msg>
<status status="PASS" starttime="20231209 11:17:07.970" endtime="20231209 11:17:07.981"/>
</kw>
<kw name="Verify" library="Odoo_Keyword_Driven_Tests">
<arg>${name_return}</arg>
<arg>${cat_name}</arg>
<status status="PASS" starttime="20231209 11:17:07.981" endtime="20231209 11:17:07.981"/>
</kw>
<status status="PASS" starttime="20231209 11:17:06.969" endtime="20231209 11:17:07.981"/>
</kw>
<kw name="Disconnect Server" library="keywords">
<kw name="Cleanup Shutdown" library="Odoo_Keyword_Driven_Tests">
<msg timestamp="20231209 11:17:08.534" level="INFO">Cleaning Up Odoo..
Shutting Down webDriver.</msg>
<status status="PASS" starttime="20231209 11:17:07.981" endtime="20231209 11:17:08.534"/>
</kw>
<status status="PASS" starttime="20231209 11:17:07.981" endtime="20231209 11:17:08.534"/>
</kw>
<tag>Positive</tag>
<status status="PASS" starttime="20231209 11:16:57.190" endtime="20231209 11:17:08.534"/>
</test>
<test id="s1-t3" name="Delete Patient" line="33">
<kw name="Connect to Server" library="keywords">
<kw name="Open Connection" library="Odoo_Keyword_Driven_Tests">
<msg timestamp="20231209 11:17:10.397" level="INFO">Using WebDriver to open Connection.</msg>
<status status="PASS" starttime="20231209 11:17:08.535" endtime="20231209 11:17:10.397"/>
</kw>
<kw name="Sleep" library="BuiltIn">
<arg>.5</arg>
<doc>Pauses the test executed for the given time.</doc>
<msg timestamp="20231209 11:17:10.897" level="INFO">Slept 500 milliseconds</msg>
<status status="PASS" starttime="20231209 11:17:10.397" endtime="20231209 11:17:10.898"/>
</kw>
<kw name="Goto Odoo" library="Odoo_Keyword_Driven_Tests">
<status status="PASS" starttime="20231209 11:17:10.898" endtime="20231209 11:17:11.009"/>
</kw>
<status status="PASS" starttime="20231209 11:17:08.534" endtime="20231209 11:17:11.009"/>
</kw>
<kw name="Fill in Username and Password" library="keywords">
<arg>${Username}</arg>
<arg>${Password}</arg>
<kw name="Text To Field" library="Odoo_Keyword_Driven_Tests">
<arg>login</arg>
<arg>${Username}</arg>
<status status="PASS" starttime="20231209 11:17:11.009" endtime="20231209 11:17:11.048"/>
</kw>
<kw name="Text To Field" library="Odoo_Keyword_Driven_Tests">
<arg>password</arg>
<arg>${Password}</arg>
<status status="PASS" starttime="20231209 11:17:11.049" endtime="20231209 11:17:11.061"/>
</kw>
<kw name="Click Button" library="Odoo_Keyword_Driven_Tests">
<arg>/html/body/div[1]/main/div/div/div/form/div[3]/button</arg>
<status status="PASS" starttime="20231209 11:17:11.061" endtime="20231209 11:17:11.626"/>
</kw>
<status status="PASS" starttime="20231209 11:17:11.009" endtime="20231209 11:17:11.626"/>
</kw>
<kw name="Sleep" library="BuiltIn">
<arg>1.5</arg>
<doc>Pauses the test executed for the given time.</doc>
<msg timestamp="20231209 11:17:13.127" level="INFO">Slept 1 second 500 milliseconds</msg>
<status status="PASS" starttime="20231209 11:17:11.626" endtime="20231209 11:17:13.127"/>
</kw>
<kw name="Select Patient and Delete" library="keywords">
<kw name="Check The Box" library="Odoo_Keyword_Driven_Tests">
<arg>checkbox-comp-2</arg>
<status status="PASS" starttime="20231209 11:17:13.127" endtime="20231209 11:17:13.354"/>
</kw>
<kw name="Sleep" library="BuiltIn">
<arg>1</arg>
<doc>Pauses the test executed for the given time.</doc>
<msg timestamp="20231209 11:17:14.355" level="INFO">Slept 1 second</msg>
<status status="PASS" starttime="20231209 11:17:13.354" endtime="20231209 11:17:14.355"/>
</kw>
<kw name="Click Action Then Delete" library="Odoo_Keyword_Driven_Tests">
<status status="PASS" starttime="20231209 11:17:14.355" endtime="20231209 11:17:16.793"/>
</kw>
<status status="PASS" starttime="20231209 11:17:13.127" endtime="20231209 11:17:16.793"/>
</kw>
<kw name="Verify Delete" library="keywords">
<kw name="Not On Page" library="Odoo_Keyword_Driven_Tests">
<arg>${cat_name}</arg>
<status status="PASS" starttime="20231209 11:17:16.794" endtime="20231209 11:17:16.795"/>
</kw>
<status status="PASS" starttime="20231209 11:17:16.794" endtime="20231209 11:17:16.795"/>
</kw>
<kw name="Disconnect Server" library="keywords">
<kw name="Cleanup Shutdown" library="Odoo_Keyword_Driven_Tests">
<msg timestamp="20231209 11:17:17.338" level="INFO">Cleaning Up Odoo..
Shutting Down webDriver.</msg>
<status status="PASS" starttime="20231209 11:17:16.795" endtime="20231209 11:17:17.339"/>
</kw>
<status status="PASS" starttime="20231209 11:17:16.795" endtime="20231209 11:17:17.339"/>
</kw>
<tag>Positive</tag>
<status status="PASS" starttime="20231209 11:17:08.534" endtime="20231209 11:17:17.339"/>
</test>
<test id="s1-t4" name="Attempt Login Bad Password" line="42">
<kw name="Connect to Server" library="keywords">
<kw name="Open Connection" library="Odoo_Keyword_Driven_Tests">
<msg timestamp="20231209 11:17:19.198" level="INFO">Using WebDriver to open Connection.</msg>
<status status="PASS" starttime="20231209 11:17:17.339" endtime="20231209 11:17:19.198"/>
</kw>
<kw name="Sleep" library="BuiltIn">
<arg>.5</arg>
<doc>Pauses the test executed for the given time.</doc>
<msg timestamp="20231209 11:17:19.699" level="INFO">Slept 500 milliseconds</msg>
<status status="PASS" starttime="20231209 11:17:19.198" endtime="20231209 11:17:19.699"/>
</kw>
<kw name="Goto Odoo" library="Odoo_Keyword_Driven_Tests">
<status status="PASS" starttime="20231209 11:17:19.699" endtime="20231209 11:17:19.775"/>
</kw>
<status status="PASS" starttime="20231209 11:17:17.339" endtime="20231209 11:17:19.775"/>
</kw>
<kw name="Fill in Username and Password" library="keywords">
<arg>${Username}</arg>
<arg>${bad_password}</arg>
<kw name="Text To Field" library="Odoo_Keyword_Driven_Tests">
<arg>login</arg>
<arg>${Username}</arg>
<status status="PASS" starttime="20231209 11:17:19.775" endtime="20231209 11:17:19.801"/>
</kw>
<kw name="Text To Field" library="Odoo_Keyword_Driven_Tests">
<arg>password</arg>
<arg>${Password}</arg>
<status status="PASS" starttime="20231209 11:17:19.801" endtime="20231209 11:17:19.808"/>
</kw>
<kw name="Click Button" library="Odoo_Keyword_Driven_Tests">
<arg>/html/body/div[1]/main/div/div/div/form/div[3]/button</arg>
<status status="PASS" starttime="20231209 11:17:19.808" endtime="20231209 11:17:19.970"/>
</kw>
<status status="PASS" starttime="20231209 11:17:19.775" endtime="20231209 11:17:19.970"/>
</kw>
<kw name="Sleep" library="BuiltIn">
<arg>1.5</arg>
<doc>Pauses the test executed for the given time.</doc>
<msg timestamp="20231209 11:17:21.470" level="INFO">Slept 1 second 500 milliseconds</msg>
<status status="PASS" starttime="20231209 11:17:19.970" endtime="20231209 11:17:21.470"/>
</kw>
<kw name="Check for Password Error" library="keywords">
<kw name="Look For Error" library="Odoo_Keyword_Driven_Tests">
<arg>${password_error}</arg>
<status status="PASS" starttime="20231209 11:17:21.471" endtime="20231209 11:17:21.474"/>
</kw>
<status status="PASS" starttime="20231209 11:17:21.471" endtime="20231209 11:17:21.474"/>
</kw>
<kw name="Disconnect Server" library="keywords">
<kw name="Cleanup Shutdown" library="Odoo_Keyword_Driven_Tests">
<msg timestamp="20231209 11:17:22.146" level="INFO">Cleaning Up Odoo..
Shutting Down webDriver.</msg>
<status status="PASS" starttime="20231209 11:17:21.474" endtime="20231209 11:17:22.146"/>
</kw>
<status status="PASS" starttime="20231209 11:17:21.474" endtime="20231209 11:17:22.146"/>
</kw>
<tag>Negative</tag>
<status status="PASS" starttime="20231209 11:17:17.339" endtime="20231209 11:17:22.147"/>
</test>
<test id="s1-t5" name="Add Duplicate Patient" line="51">
<kw name="Connect to Server" library="keywords">
<kw name="Open Connection" library="Odoo_Keyword_Driven_Tests">
<msg timestamp="20231209 11:17:23.906" level="INFO">Using WebDriver to open Connection.</msg>
<status status="PASS" starttime="20231209 11:17:22.147" endtime="20231209 11:17:23.906"/>
</kw>
<kw name="Sleep" library="BuiltIn">
<arg>.5</arg>
<doc>Pauses the test executed for the given time.</doc>
<msg timestamp="20231209 11:17:24.406" level="INFO">Slept 500 milliseconds</msg>
<status status="PASS" starttime="20231209 11:17:23.906" endtime="20231209 11:17:24.407"/>
</kw>
<kw name="Goto Odoo" library="Odoo_Keyword_Driven_Tests">
<status status="PASS" starttime="20231209 11:17:24.407" endtime="20231209 11:17:24.498"/>
</kw>
<status status="PASS" starttime="20231209 11:17:22.147" endtime="20231209 11:17:24.498"/>
</kw>
<kw name="Fill in Username and Password" library="keywords">
<arg>${Username}</arg>
<arg>${Password}</arg>
<kw name="Text To Field" library="Odoo_Keyword_Driven_Tests">
<arg>login</arg>
<arg>${Username}</arg>
<status status="PASS" starttime="20231209 11:17:24.499" endtime="20231209 11:17:24.522"/>
</kw>
<kw name="Text To Field" library="Odoo_Keyword_Driven_Tests">
<arg>password</arg>
<arg>${Password}</arg>
<status status="PASS" starttime="20231209 11:17:24.522" endtime="20231209 11:17:24.526"/>
</kw>
<kw name="Click Button" library="Odoo_Keyword_Driven_Tests">
<arg>/html/body/div[1]/main/div/div/div/form/div[3]/button</arg>
<status status="PASS" starttime="20231209 11:17:24.527" endtime="20231209 11:17:25.101"/>
</kw>
<status status="PASS" starttime="20231209 11:17:24.499" endtime="20231209 11:17:25.101"/>
</kw>
<kw name="Sleep" library="BuiltIn">
<arg>1.5</arg>
<doc>Pauses the test executed for the given time.</doc>
<msg timestamp="20231209 11:17:26.601" level="INFO">Slept 1 second 500 milliseconds</msg>
<status status="PASS" starttime="20231209 11:17:25.101" endtime="20231209 11:17:26.601"/>
</kw>
<kw name="Click New Patient Button" library="keywords">
<kw name="Sleep" library="BuiltIn">
<arg>1.5</arg>
<doc>Pauses the test executed for the given time.</doc>
<msg timestamp="20231209 11:17:28.102" level="INFO">Slept 1 second 500 milliseconds</msg>
<status status="PASS" starttime="20231209 11:17:26.602" endtime="20231209 11:17:28.102"/>
</kw>
<kw name="Click Button" library="Odoo_Keyword_Driven_Tests">
<arg>/html/body/div[1]/div/div[1]/div[2]/div[1]/div/div/button</arg>
<status status="PASS" starttime="20231209 11:17:28.102" endtime="20231209 11:17:28.343"/>
</kw>
<status status="PASS" starttime="20231209 11:17:26.602" endtime="20231209 11:17:28.343"/>
</kw>
<kw name="Fill in Patient Info" library="keywords">
<kw name="Sleep" library="BuiltIn">
<arg>2</arg>
<doc>Pauses the test executed for the given time.</doc>
<msg timestamp="20231209 11:17:30.343" level="INFO">Slept 2 seconds</msg>
<status status="PASS" starttime="20231209 11:17:28.343" endtime="20231209 11:17:30.344"/>
</kw>
<kw name="Fill in Name" library="keywords">
<kw name="Text To Id" library="Odoo_Keyword_Driven_Tests">
<arg>first_name</arg>
<arg>${first_name}</arg>
<status status="PASS" starttime="20231209 11:17:30.344" endtime="20231209 11:17:30.357"/>
</kw>
<kw name="Text To Id" library="Odoo_Keyword_Driven_Tests">
<arg>middle_name</arg>
<arg>${middle_name}</arg>
<status status="PASS" starttime="20231209 11:17:30.357" endtime="20231209 11:17:30.373"/>
</kw>
<kw name="Text To Id" library="Odoo_Keyword_Driven_Tests">
<arg>last_name</arg>
<arg>${last_name}</arg>
<status status="PASS" starttime="20231209 11:17:30.373" endtime="20231209 11:17:30.388"/>
</kw>
<status status="PASS" starttime="20231209 11:17:30.344" endtime="20231209 11:17:30.388"/>
</kw>
<kw name="Fill in Basic Info" library="keywords">
<kw name="Select Dropdown" library="Odoo_Keyword_Driven_Tests">
<arg>gender</arg>
<arg>${gender}</arg>
<status status="PASS" starttime="20231209 11:17:30.389" endtime="20231209 11:17:30.610"/>
</kw>
<kw name="Text To Id" library="Odoo_Keyword_Driven_Tests">
<arg>phone</arg>
<arg>${phone_number}</arg>
<status status="PASS" starttime="20231209 11:17:30.611" endtime="20231209 11:17:30.624"/>
</kw>
<kw name="Text To Id" library="Odoo_Keyword_Driven_Tests">
<arg>date_of_birth</arg>
<arg>${birthday}</arg>
<status status="PASS" starttime="20231209 11:17:30.625" endtime="20231209 11:17:30.643"/>
</kw>
<kw name="Text To Id" library="Odoo_Keyword_Driven_Tests">
<arg>email</arg>
<arg>${email}</arg>
<status status="PASS" starttime="20231209 11:17:30.643" endtime="20231209 11:17:30.658"/>
</kw>
<status status="PASS" starttime="20231209 11:17:30.389" endtime="20231209 11:17:30.658"/>
</kw>
<kw name="Fill in Address Info" library="keywords">
<kw name="Text To Id" library="Odoo_Keyword_Driven_Tests">
<arg>address</arg>
<arg>${address}</arg>
<status status="PASS" starttime="20231209 11:17:30.658" endtime="20231209 11:17:30.684"/>
</kw>
<kw name="Text To Id" library="Odoo_Keyword_Driven_Tests">
<arg>city</arg>
<arg>${city}</arg>
<status status="PASS" starttime="20231209 11:17:30.684" endtime="20231209 11:17:30.703"/>
</kw>
<kw name="Text To Id" library="Odoo_Keyword_Driven_Tests">
<arg>pin_code</arg>
<arg>${pin_code}</arg>
<status status="PASS" starttime="20231209 11:17:30.703" endtime="20231209 11:17:30.719"/>
</kw>
<status status="PASS" starttime="20231209 11:17:30.658" endtime="20231209 11:17:30.719"/>
</kw>
<kw name="Fill in Other Info" library="keywords">
<kw name="Select Dropdown" library="Odoo_Keyword_Driven_Tests">
<arg>marital_status</arg>
<arg>${marital_status}</arg>
<status status="PASS" starttime="20231209 11:17:30.720" endtime="20231209 11:17:30.940"/>
</kw>
<kw name="Text To Id" library="Odoo_Keyword_Driven_Tests">
<arg>partner_name</arg>
<arg>${partner_name}</arg>
<status status="PASS" starttime="20231209 11:17:30.941" endtime="20231209 11:17:30.952"/>
</kw>
<status status="PASS" starttime="20231209 11:17:30.719" endtime="20231209 11:17:30.952"/>
</kw>
<kw name="Sleep" library="BuiltIn">
<arg>1</arg>
<doc>Pauses the test executed for the given time.</doc>
<msg timestamp="20231209 11:17:31.952" level="INFO">Slept 1 second</msg>
<status status="PASS" starttime="20231209 11:17:30.952" endtime="20231209 11:17:31.952"/>
</kw>
<kw name="Back" library="Odoo_Keyword_Driven_Tests">
<status status="PASS" starttime="20231209 11:17:31.952" endtime="20231209 11:17:31.959"/>
</kw>
<status status="PASS" starttime="20231209 11:17:28.343" endtime="20231209 11:17:31.959"/>
</kw>
<kw name="Sleep" library="BuiltIn">
<arg>1.5</arg>
<doc>Pauses the test executed for the given time.</doc>
<msg timestamp="20231209 11:17:33.460" level="INFO">Slept 1 second 500 milliseconds</msg>
<status status="PASS" starttime="20231209 11:17:31.959" endtime="20231209 11:17:33.460"/>
</kw>
<kw name="Click New Patient Button" library="keywords">
<kw name="Sleep" library="BuiltIn">
<arg>1.5</arg>
<doc>Pauses the test executed for the given time.</doc>
<msg timestamp="20231209 11:17:34.960" level="INFO">Slept 1 second 500 milliseconds</msg>
<status status="PASS" starttime="20231209 11:17:33.460" endtime="20231209 11:17:34.961"/>
</kw>
<kw name="Click Button" library="Odoo_Keyword_Driven_Tests">
<arg>/html/body/div[1]/div/div[1]/div[2]/div[1]/div/div/button</arg>
<status status="PASS" starttime="20231209 11:17:34.961" endtime="20231209 11:17:35.185"/>
</kw>
<status status="PASS" starttime="20231209 11:17:33.460" endtime="20231209 11:17:35.185"/>
</kw>
<kw name="Sleep" library="BuiltIn">
<arg>1.5</arg>
<doc>Pauses the test executed for the given time.</doc>
<msg timestamp="20231209 11:17:36.686" level="INFO">Slept 1 second 500 milliseconds</msg>
<status status="PASS" starttime="20231209 11:17:35.185" endtime="20231209 11:17:36.686"/>
</kw>
<kw name="Fill in Patient Info" library="keywords">
<kw name="Sleep" library="BuiltIn">
<arg>2</arg>
<doc>Pauses the test executed for the given time.</doc>
<msg timestamp="20231209 11:17:38.686" level="INFO">Slept 2 seconds</msg>
<status status="PASS" starttime="20231209 11:17:36.686" endtime="20231209 11:17:38.686"/>
</kw>
<kw name="Fill in Name" library="keywords">
<kw name="Text To Id" library="Odoo_Keyword_Driven_Tests">
<arg>first_name</arg>
<arg>${first_name}</arg>
<status status="PASS" starttime="20231209 11:17:38.687" endtime="20231209 11:17:38.705"/>
</kw>
<kw name="Text To Id" library="Odoo_Keyword_Driven_Tests">
<arg>middle_name</arg>
<arg>${middle_name}</arg>
<status status="PASS" starttime="20231209 11:17:38.705" endtime="20231209 11:17:38.730"/>
</kw>
<kw name="Text To Id" library="Odoo_Keyword_Driven_Tests">
<arg>last_name</arg>
<arg>${last_name}</arg>
<status status="PASS" starttime="20231209 11:17:38.730" endtime="20231209 11:17:38.745"/>
</kw>
<status status="PASS" starttime="20231209 11:17:38.687" endtime="20231209 11:17:38.745"/>
</kw>
<kw name="Fill in Basic Info" library="keywords">
<kw name="Select Dropdown" library="Odoo_Keyword_Driven_Tests">
<arg>gender</arg>
<arg>${gender}</arg>
<status status="PASS" starttime="20231209 11:17:38.745" endtime="20231209 11:17:38.962"/>
</kw>
<kw name="Text To Id" library="Odoo_Keyword_Driven_Tests">
<arg>phone</arg>
<arg>${phone_number}</arg>
<status status="PASS" starttime="20231209 11:17:38.962" endtime="20231209 11:17:38.975"/>
</kw>
<kw name="Text To Id" library="Odoo_Keyword_Driven_Tests">
<arg>date_of_birth</arg>
<arg>${birthday}</arg>
<status status="PASS" starttime="20231209 11:17:38.976" endtime="20231209 11:17:38.991"/>
</kw>
<kw name="Text To Id" library="Odoo_Keyword_Driven_Tests">
<arg>email</arg>
<arg>${email}</arg>
<status status="PASS" starttime="20231209 11:17:38.991" endtime="20231209 11:17:39.007"/>
</kw>
<status status="PASS" starttime="20231209 11:17:38.745" endtime="20231209 11:17:39.007"/>
</kw>
<kw name="Fill in Address Info" library="keywords">
<kw name="Text To Id" library="Odoo_Keyword_Driven_Tests">
<arg>address</arg>
<arg>${address}</arg>
<status status="PASS" starttime="20231209 11:17:39.007" endtime="20231209 11:17:39.031"/>
</kw>
<kw name="Text To Id" library="Odoo_Keyword_Driven_Tests">
<arg>city</arg>
<arg>${city}</arg>
<status status="PASS" starttime="20231209 11:17:39.031" endtime="20231209 11:17:39.047"/>
</kw>
<kw name="Text To Id" library="Odoo_Keyword_Driven_Tests">
<arg>pin_code</arg>
<arg>${pin_code}</arg>
<status status="PASS" starttime="20231209 11:17:39.047" endtime="20231209 11:17:39.055"/>
</kw>
<status status="PASS" starttime="20231209 11:17:39.007" endtime="20231209 11:17:39.055"/>
</kw>
<kw name="Fill in Other Info" library="keywords">
<kw name="Select Dropdown" library="Odoo_Keyword_Driven_Tests">
<arg>marital_status</arg>
<arg>${marital_status}</arg>
<status status="PASS" starttime="20231209 11:17:39.055" endtime="20231209 11:17:39.273"/>
</kw>
<kw name="Text To Id" library="Odoo_Keyword_Driven_Tests">
<arg>partner_name</arg>
<arg>${partner_name}</arg>
<status status="PASS" starttime="20231209 11:17:39.273" endtime="20231209 11:17:39.283"/>
</kw>
<status status="PASS" starttime="20231209 11:17:39.055" endtime="20231209 11:17:39.283"/>
</kw>
<kw name="Sleep" library="BuiltIn">
<arg>1</arg>
<doc>Pauses the test executed for the given time.</doc>
<msg timestamp="20231209 11:17:40.283" level="INFO">Slept 1 second</msg>
<status status="PASS" starttime="20231209 11:17:39.283" endtime="20231209 11:17:40.284"/>
</kw>
<kw name="Back" library="Odoo_Keyword_Driven_Tests">
<status status="PASS" starttime="20231209 11:17:40.284" endtime="20231209 11:17:40.289"/>
</kw>
<status status="PASS" starttime="20231209 11:17:36.686" endtime="20231209 11:17:40.289"/>
</kw>
<kw name="Check for Error" library="keywords">
<kw name="Look For Error" library="Odoo_Keyword_Driven_Tests">
<arg>${duplicate_error}</arg>
<status status="PASS" starttime="20231209 11:17:40.290" endtime="20231209 11:17:40.294"/>
</kw>
<status status="PASS" starttime="20231209 11:17:40.289" endtime="20231209 11:17:40.294"/>
</kw>
<kw name="Disconnect Server" library="keywords">
<kw name="Cleanup Shutdown" library="Odoo_Keyword_Driven_Tests">
<msg timestamp="20231209 11:17:40.875" level="INFO">Cleaning Up Odoo..
Shutting Down webDriver.</msg>
<status status="PASS" starttime="20231209 11:17:40.294" endtime="20231209 11:17:40.875"/>
</kw>
<status status="PASS" starttime="20231209 11:17:40.294" endtime="20231209 11:17:40.875"/>
</kw>
<tag>Negative</tag>
<status status="PASS" starttime="20231209 11:17:22.147" endtime="20231209 11:17:40.876"/>
</test>
<doc>A test suite for Odoo SaaS system
This is where test cases originate</doc>
<status status="PASS" starttime="20231209 11:16:52.551" endtime="20231209 11:17:40.876"/>
</suite>
<statistics>
<total>
<stat pass="5" fail="0" skip="0">All Tests</stat>
</total>
<tag>
<stat pass="2" fail="0" skip="0">Negative</stat>
<stat pass="3" fail="0" skip="0">Positive</stat>
</tag>
<suite>
<stat pass="5" fail="0" skip="0" id="s1" name="Group 2 Tests">Group 2 Tests</stat>
</suite>
</statistics>
<errors>
</errors>
</robot>
